{
  "stats": {
    "suites": 1,
    "tests": 1,
    "passes": 1,
    "pending": 0,
    "failures": 0,
    "start": "2025-03-07T03:40:11.703Z",
    "end": "2025-03-07T03:40:20.510Z",
    "duration": 8807,
    "testsRegistered": 1,
    "passPercent": 100,
    "pendingPercent": 0,
    "other": 0,
    "hasOther": false,
    "skipped": 0,
    "hasSkipped": false
  },
  "results": [
    {
      "uuid": "ada67085-e230-4fec-99ae-55ab24e2e4db",
      "title": "",
      "fullFile": "cypress/e2e/searchResultsScreen.cy.js",
      "file": "cypress/e2e/searchResultsScreen.cy.js",
      "beforeHooks": [],
      "afterHooks": [],
      "tests": [],
      "suites": [
        {
          "uuid": "92647e6e-0593-455f-a102-c4ed8491e105",
          "title": "Consulta de evento com o termo 'Carros'",
          "fullFile": "",
          "file": "",
          "beforeHooks": [],
          "afterHooks": [],
          "tests": [
            {
              "title": "Deve consultar um evento com o termo 'Carros' estando logado",
              "fullTitle": "Consulta de evento com o termo 'Carros' Deve consultar um evento com o termo 'Carros' estando logado",
              "timedOut": null,
              "duration": 7792,
              "state": "passed",
              "speed": "medium",
              "pass": true,
              "fail": false,
              "pending": false,
              "context": null,
              "code": "const searchTerm = 'Carros';\n_HomePage.default.searchForTerm(searchTerm);\n_FiltersPage.default.selecionarModalidade('leilao'); // Uso da instância corretamente\n_FiltersPage.default.validarModalidadeSelecionada('leilao');",
              "err": {},
              "uuid": "2824ae0e-8b65-4b97-bb22-baef3f79afc1",
              "parentUUID": "92647e6e-0593-455f-a102-c4ed8491e105",
              "isHook": false,
              "skipped": false
            }
          ],
          "suites": [],
          "passes": [
            "2824ae0e-8b65-4b97-bb22-baef3f79afc1"
          ],
          "failures": [],
          "pending": [],
          "skipped": [],
          "duration": 7792,
          "root": false,
          "rootEmpty": false,
          "_timeout": 2000
        }
      ],
      "passes": [],
      "failures": [],
      "pending": [],
      "skipped": [],
      "duration": 0,
      "root": true,
      "rootEmpty": true,
      "_timeout": 2000
    }
  ],
  "meta": {
    "mocha": {
      "version": "7.0.1"
    },
    "mochawesome": {
      "options": {
        "quiet": false,
        "reportFilename": "mochawesome",
        "saveHtml": true,
        "saveJson": true,
        "consoleReporter": "spec",
        "useInlineDiffs": false,
        "code": true
      },
      "version": "7.1.3"
    },
    "marge": {
      "options": {
        "reportDir": "cypress/results",
        "overwrite": false,
        "html": true,
        "json": true
      },
      "version": "6.2.0"
    }
  }
}