{
  "stats": {
    "suites": 1,
    "tests": 1,
    "passes": 1,
    "pending": 0,
    "failures": 0,
    "start": "2025-03-07T03:47:23.919Z",
    "end": "2025-03-07T03:47:30.077Z",
    "duration": 6158,
    "testsRegistered": 1,
    "passPercent": 100,
    "pendingPercent": 0,
    "other": 0,
    "hasOther": false,
    "skipped": 0,
    "hasSkipped": false
  },
  "results": [
    {
      "uuid": "75ee118a-102f-4b45-9a0b-d7daeed0b621",
      "title": "",
      "fullFile": "cypress/e2e/home.cy.js",
      "file": "cypress/e2e/home.cy.js",
      "beforeHooks": [],
      "afterHooks": [],
      "tests": [],
      "suites": [
        {
          "uuid": "786acfe7-8766-4a2d-8808-9537c11cc0e7",
          "title": "Acessar site da SuperBid",
          "fullFile": "",
          "file": "",
          "beforeHooks": [],
          "afterHooks": [],
          "tests": [
            {
              "title": "Acessar a home com sucesso",
              "fullTitle": "Acessar site da SuperBid Acessar a home com sucesso",
              "timedOut": null,
              "duration": 5258,
              "state": "passed",
              "speed": "medium",
              "pass": true,
              "fail": false,
              "pending": false,
              "context": null,
              "code": "_HomePage.default.visit();\ncy.url().should(\"include\", \"superbid.net\");",
              "err": {},
              "uuid": "842eac6f-a6f2-45d3-8048-9fa15f603f29",
              "parentUUID": "786acfe7-8766-4a2d-8808-9537c11cc0e7",
              "isHook": false,
              "skipped": false
            }
          ],
          "suites": [],
          "passes": [
            "842eac6f-a6f2-45d3-8048-9fa15f603f29"
          ],
          "failures": [],
          "pending": [],
          "skipped": [],
          "duration": 5258,
          "root": false,
          "rootEmpty": false,
          "_timeout": 2000
        }
      ],
      "passes": [],
      "failures": [],
      "pending": [],
      "skipped": [],
      "duration": 0,
      "root": true,
      "rootEmpty": true,
      "_timeout": 2000
    }
  ],
  "meta": {
    "mocha": {
      "version": "7.0.1"
    },
    "mochawesome": {
      "options": {
        "quiet": false,
        "reportFilename": "mochawesome",
        "saveHtml": true,
        "saveJson": true,
        "consoleReporter": "spec",
        "useInlineDiffs": false,
        "code": true
      },
      "version": "7.1.3"
    },
    "marge": {
      "options": {
        "reportDir": "cypress/results",
        "overwrite": false,
        "html": true,
        "json": true
      },
      "version": "6.2.0"
    }
  }
}