{
  "stats": {
    "suites": 1,
    "tests": 1,
    "passes": 1,
    "pending": 0,
    "failures": 0,
    "start": "2025-03-07T12:58:04.786Z",
    "end": "2025-03-07T12:58:11.113Z",
    "duration": 6327,
    "testsRegistered": 1,
    "passPercent": 100,
    "pendingPercent": 0,
    "other": 0,
    "hasOther": false,
    "skipped": 0,
    "hasSkipped": false
  },
  "results": [
    {
      "uuid": "f917a59b-56d4-4ef1-adf5-41225813c74c",
      "title": "",
      "fullFile": "cypress/e2e/home.cy.js",
      "file": "cypress/e2e/home.cy.js",
      "beforeHooks": [],
      "afterHooks": [],
      "tests": [],
      "suites": [
        {
          "uuid": "c6bfbb5f-46c7-4534-b9cf-4216bde1ebd0",
          "title": "Acessar site da SuperBid",
          "fullFile": "",
          "file": "",
          "beforeHooks": [],
          "afterHooks": [],
          "tests": [
            {
              "title": "Acessar a home com sucesso",
              "fullTitle": "Acessar site da SuperBid Acessar a home com sucesso",
              "timedOut": null,
              "duration": 5418,
              "state": "passed",
              "speed": "medium",
              "pass": true,
              "fail": false,
              "pending": false,
              "context": null,
              "code": "_HomePage.default.visit();\ncy.url().should(\"include\", \"superbid.net\");",
              "err": {},
              "uuid": "939e42f8-3a42-4a47-9a68-f9b2720b181b",
              "parentUUID": "c6bfbb5f-46c7-4534-b9cf-4216bde1ebd0",
              "isHook": false,
              "skipped": false
            }
          ],
          "suites": [],
          "passes": [
            "939e42f8-3a42-4a47-9a68-f9b2720b181b"
          ],
          "failures": [],
          "pending": [],
          "skipped": [],
          "duration": 5418,
          "root": false,
          "rootEmpty": false,
          "_timeout": 2000
        }
      ],
      "passes": [],
      "failures": [],
      "pending": [],
      "skipped": [],
      "duration": 0,
      "root": true,
      "rootEmpty": true,
      "_timeout": 2000
    }
  ],
  "meta": {
    "mocha": {
      "version": "7.0.1"
    },
    "mochawesome": {
      "options": {
        "quiet": false,
        "reportFilename": "mochawesome",
        "saveHtml": true,
        "saveJson": true,
        "consoleReporter": "spec",
        "useInlineDiffs": false,
        "code": true
      },
      "version": "7.1.3"
    },
    "marge": {
      "options": {
        "reportDir": "cypress/results",
        "overwrite": false,
        "html": true,
        "json": true
      },
      "version": "6.2.0"
    }
  }
}